Start testing: Mar 18 16:19 Romance Standard Time
----------------------------------------------------------
Unable to find executable: rand
2/928 Testing: rand
2/928 Test: rand
Command: ""
Directory: C:/Users/andre/Documents/Unief/Master 2/Project/Repo/Build/Lib/eigen-3.4.0/test
"rand" start time: 
Output:
----------------------------------------------------------
<end of output>
Test time =   0.00 sec
----------------------------------------------------------
Test Passed.
"rand" end time: Mar 18 16:19 Romance Standard Time
"rand" time elapsed: 00:00:00
----------------------------------------------------------

Unable to find executable: meta
3/928 Testing: meta
3/928 Test: meta
Command: ""
Directory: C:/Users/andre/Documents/Unief/Master 2/Project/Repo/Build/Lib/eigen-3.4.0/test
"meta" start time: 
Output:
----------------------------------------------------------
<end of output>
Test time =   0.00 sec
----------------------------------------------------------
Test Passed.
"meta" end time: Mar 18 16:19 Romance Standard Time
"meta" time elapsed: 00:00:00
----------------------------------------------------------

Unable to find executable: numext
4/928 Testing: numext
4/928 Test: numext
Command: ""
Directory: C:/Users/andre/Documents/Unief/Master 2/Project/Repo/Build/Lib/eigen-3.4.0/test
"numext" start time: 
Output:
----------------------------------------------------------
<end of output>
Test time =   0.00 sec
----------------------------------------------------------
Test Passed.
"numext" end time: Mar 18 16:19 Romance Standard Time
"numext" time elapsed: 00:00:00
----------------------------------------------------------

Unable to find executable: sizeof
5/928 Testing: sizeof
5/928 Test: sizeof
Command: ""
Directory: C:/Users/andre/Documents/Unief/Master 2/Project/Repo/Build/Lib/eigen-3.4.0/test
"sizeof" start time: 
Output:
----------------------------------------------------------
<end of output>
Test time =   0.00 sec
----------------------------------------------------------
Test Passed.
"sizeof" end time: Mar 18 16:19 Romance Standard Time
"sizeof" time elapsed: 00:00:00
----------------------------------------------------------

Unable to find executable: dynalloc
6/928 Testing: dynalloc
6/928 Test: dynalloc
Command: ""
Directory: C:/Users/andre/Documents/Unief/Master 2/Project/Repo/Build/Lib/eigen-3.4.0/test
"dynalloc" start time: 
Output:
----------------------------------------------------------
<end of output>
Test time =   0.00 sec
----------------------------------------------------------
Test Passed.
"dynalloc" end time: Mar 18 16:19 Romance Standard Time
"dynalloc" time elapsed: 00:00:00
----------------------------------------------------------

Unable to find executable: nomalloc_1
7/928 Testing: nomalloc_1
7/928 Test: nomalloc_1
Command: ""
Directory: C:/Users/andre/Documents/Unief/Master 2/Project/Repo/Build/Lib/eigen-3.4.0/test
"nomalloc_1" start time: 
Output:
----------------------------------------------------------
<end of output>
Test time =   0.00 sec
----------------------------------------------------------
Test Passed.
"nomalloc_1" end time: Mar 18 16:19 Romance Standard Time
"nomalloc_1" time elapsed: 00:00:00
----------------------------------------------------------

Unable to find executable: nomalloc_2
8/928 Testing: nomalloc_2
8/928 Test: nomalloc_2
Command: ""
Directory: C:/Users/andre/Documents/Unief/Master 2/Project/Repo/Build/Lib/eigen-3.4.0/test
"nomalloc_2" start time: 
Output:
----------------------------------------------------------
<end of output>
Test time =   0.00 sec
----------------------------------------------------------
Test Passed.
"nomalloc_2" end time: Mar 18 16:19 Romance Standard Time
"nomalloc_2" time elapsed: 00:00:00
----------------------------------------------------------

Unable to find executable: nomalloc_3
9/928 Testing: nomalloc_3
9/928 Test: nomalloc_3
Command: ""
Directory: C:/Users/andre/Documents/Unief/Master 2/Project/Repo/Build/Lib/eigen-3.4.0/test
"nomalloc_3" start time: 
Output:
----------------------------------------------------------
<end of output>
Test time =   0.00 sec
----------------------------------------------------------
Test Passed.
"nomalloc_3" end time: Mar 18 16:19 Romance Standard Time
"nomalloc_3" time elapsed: 00:00:00
----------------------------------------------------------

Unable to find executable: nomalloc_4
10/928 Testing: nomalloc_4
10/928 Test: nomalloc_4
Command: ""
Directory: C:/Users/andre/Documents/Unief/Master 2/Project/Repo/Build/Lib/eigen-3.4.0/test
"nomalloc_4" start time: 
Output:
----------------------------------------------------------
<end of output>
Test time =   0.00 sec
----------------------------------------------------------
Test Passed.
"nomalloc_4" end time: Mar 18 16:19 Romance Standard Time
"nomalloc_4" time elapsed: 00:00:00
----------------------------------------------------------

Unable to find executable: nomalloc_5
11/928 Testing: nomalloc_5
11/928 Test: nomalloc_5
Command: ""
Directory: C:/Users/andre/Documents/Unief/Master 2/Project/Repo/Build/Lib/eigen-3.4.0/test
"nomalloc_5" start time: 
Output:
----------------------------------------------------------
<end of output>
Test time =   0.00 sec
----------------------------------------------------------
Test Passed.
"nomalloc_5" end time: Mar 18 16:19 Romance Standard Time
"nomalloc_5" time elapsed: 00:00:00
----------------------------------------------------------

Unable to find executable: nomalloc_6
12/928 Testing: nomalloc_6
12/928 Test: nomalloc_6
Command: ""
Directory: C:/Users/andre/Documents/Unief/Master 2/Project/Repo/Build/Lib/eigen-3.4.0/test
"nomalloc_6" start time: 
Output:
----------------------------------------------------------
<end of output>
Test time =   0.00 sec
----------------------------------------------------------
Test Passed.
"nomalloc_6" end time: Mar 18 16:19 Romance Standard Time
"nomalloc_6" time elapsed: 00:00:00
----------------------------------------------------------

Unable to find executable: nomalloc_7
13/928 Testing: nomalloc_7
13/928 Test: nomalloc_7
Command: ""
Directory: C:/Users/andre/Documents/Unief/Master 2/Project/Repo/Build/Lib/eigen-3.4.0/test
"nomalloc_7" start time: 
Output:
----------------------------------------------------------
<end of output>
Test time =   0.00 sec
----------------------------------------------------------
Test Passed.
"nomalloc_7" end time: Mar 18 16:19 Romance Standard Time
"nomalloc_7" time elapsed: 00:00:00
----------------------------------------------------------

Unable to find executable: nomalloc_8
14/928 Testing: nomalloc_8
14/928 Test: nomalloc_8
Command: ""
Directory: C:/Users/andre/Documents/Unief/Master 2/Project/Repo/Build/Lib/eigen-3.4.0/test
"nomalloc_8" start time: 
Output:
----------------------------------------------------------
<end of output>
Test time =   0.00 sec
----------------------------------------------------------
Test Passed.
"nomalloc_8" end time: Mar 18 16:19 Romance Standard Time
"nomalloc_8" time elapsed: 00:00:00
----------------------------------------------------------

Unable to find executable: first_aligned
15/928 Testing: first_aligned
15/928 Test: first_aligned
Command: ""
Directory: C:/Users/andre/Documents/Unief/Master 2/Project/Repo/Build/Lib/eigen-3.4.0/test
"first_aligned" start time: 
Output:
----------------------------------------------------------
<end of output>
Test time =   0.00 sec
----------------------------------------------------------
Test Passed.
"first_aligned" end time: Mar 18 16:19 Romance Standard Time
"first_aligned" time elapsed: 00:00:00
----------------------------------------------------------

Unable to find executable: type_alias
16/928 Testing: type_alias
16/928 Test: type_alias
Command: ""
Directory: C:/Users/andre/Documents/Unief/Master 2/Project/Repo/Build/Lib/eigen-3.4.0/test
"type_alias" start time: 
Output:
----------------------------------------------------------
<end of output>
Test time =   0.00 sec
----------------------------------------------------------
Test Passed.
"type_alias" end time: Mar 18 16:19 Romance Standard Time
"type_alias" time elapsed: 00:00:00
----------------------------------------------------------

Unable to find executable: nullary_1
17/928 Testing: nullary_1
17/928 Test: nullary_1
Command: ""
Directory: C:/Users/andre/Documents/Unief/Master 2/Project/Repo/Build/Lib/eigen-3.4.0/test
"nullary_1" start time: 
Output:
----------------------------------------------------------
<end of output>
Test time =   0.00 sec
----------------------------------------------------------
Test Passed.
"nullary_1" end time: Mar 18 16:19 Romance Standard Time
"nullary_1" time elapsed: 00:00:00
----------------------------------------------------------

Unable to find executable: nullary_2
18/928 Testing: nullary_2
18/928 Test: nullary_2
Command: ""
Directory: C:/Users/andre/Documents/Unief/Master 2/Project/Repo/Build/Lib/eigen-3.4.0/test
"nullary_2" start time: 
Output:
----------------------------------------------------------
<end of output>
Test time =   0.00 sec
----------------------------------------------------------
Test Passed.
"nullary_2" end time: Mar 18 16:19 Romance Standard Time
"nullary_2" time elapsed: 00:00:00
----------------------------------------------------------

Unable to find executable: nullary_3
19/928 Testing: nullary_3
19/928 Test: nullary_3
Command: ""
Directory: C:/Users/andre/Documents/Unief/Master 2/Project/Repo/Build/Lib/eigen-3.4.0/test
"nullary_3" start time: 
Output:
----------------------------------------------------------
<end of output>
Test time =   0.00 sec
----------------------------------------------------------
Test Passed.
"nullary_3" end time: Mar 18 16:19 Romance Standard Time
"nullary_3" time elapsed: 00:00:00
----------------------------------------------------------

Unable to find executable: nullary_4
20/928 Testing: nullary_4
20/928 Test: nullary_4
Command: ""
Directory: C:/Users/andre/Documents/Unief/Master 2/Project/Repo/Build/Lib/eigen-3.4.0/test
"nullary_4" start time: 
Output:
----------------------------------------------------------
<end of output>
Test time =   0.00 sec
----------------------------------------------------------
Test Passed.
"nullary_4" end time: Mar 18 16:19 Romance Standard Time
"nullary_4" time elapsed: 00:00:00
----------------------------------------------------------

Unable to find executable: nullary_5
21/928 Testing: nullary_5
21/928 Test: nullary_5
Command: ""
Directory: C:/Users/andre/Documents/Unief/Master 2/Project/Repo/Build/Lib/eigen-3.4.0/test
"nullary_5" start time: 
Output:
----------------------------------------------------------
<end of output>
Test time =   0.00 sec
----------------------------------------------------------
Test Passed.
"nullary_5" end time: Mar 18 16:19 Romance Standard Time
"nullary_5" time elapsed: 00:00:00
----------------------------------------------------------

Unable to find executable: nullary_6
22/928 Testing: nullary_6
22/928 Test: nullary_6
Command: ""
Directory: C:/Users/andre/Documents/Unief/Master 2/Project/Repo/Build/Lib/eigen-3.4.0/test
"nullary_6" start time: 
Output:
----------------------------------------------------------
<end of output>
Test time =   0.00 sec
----------------------------------------------------------
Test Passed.
"nullary_6" end time: Mar 18 16:19 Romance Standard Time
"nullary_6" time elapsed: 00:00:00
----------------------------------------------------------

Unable to find executable: nullary_7
23/928 Testing: nullary_7
23/928 Test: nullary_7
Command: ""
Directory: C:/Users/andre/Documents/Unief/Master 2/Project/Repo/Build/Lib/eigen-3.4.0/test
"nullary_7" start time: 
Output:
----------------------------------------------------------
<end of output>
Test time =   0.00 sec
----------------------------------------------------------
Test Passed.
"nullary_7" end time: Mar 18 16:19 Romance Standard Time
"nullary_7" time elapsed: 00:00:00
----------------------------------------------------------

Unable to find executable: nullary_8
24/928 Testing: nullary_8
24/928 Test: nullary_8
Command: ""
Directory: C:/Users/andre/Documents/Unief/Master 2/Project/Repo/Build/Lib/eigen-3.4.0/test
"nullary_8" start time: 
Output:
----------------------------------------------------------
<end of output>
Test time =   0.00 sec
----------------------------------------------------------
Test Passed.
"nullary_8" end time: Mar 18 16:19 Romance Standard Time
"nullary_8" time elapsed: 00:00:00
----------------------------------------------------------

Unable to find executable: nullary_9
25/928 Testing: nullary_9
25/928 Test: nullary_9
Command: ""
Directory: C:/Users/andre/Documents/Unief/Master 2/Project/Repo/Build/Lib/eigen-3.4.0/test
"nullary_9" start time: 
Output:
----------------------------------------------------------
<end of output>
Test time =   0.00 sec
----------------------------------------------------------
Test Passed.
"nullary_9" end time: Mar 18 16:19 Romance Standard Time
"nullary_9" time elapsed: 00:00:00
----------------------------------------------------------

Unable to find executable: nullary_10
26/928 Testing: nullary_10
26/928 Test: nullary_10
Command: ""
Directory: C:/Users/andre/Documents/Unief/Master 2/Project/Repo/Build/Lib/eigen-3.4.0/test
"nullary_10" start time: 
Output:
----------------------------------------------------------
<end of output>
Test time =   0.00 sec
----------------------------------------------------------
Test Passed.
"nullary_10" end time: Mar 18 16:19 Romance Standard Time
"nullary_10" time elapsed: 00:00:00
----------------------------------------------------------

Unable to find executable: mixingtypes_7
27/928 Testing: mixingtypes_7
27/928 Test: mixingtypes_7
Command: ""
Directory: C:/Users/andre/Documents/Unief/Master 2/Project/Repo/Build/Lib/eigen-3.4.0/test
"mixingtypes_7" start time: 
Output:
----------------------------------------------------------
<end of output>
Test time =   0.00 sec
----------------------------------------------------------
Test Passed.
"mixingtypes_7" end time: Mar 18 16:19 Romance Standard Time
"mixingtypes_7" time elapsed: 00:00:00
----------------------------------------------------------

Unable to find executable: mixingtypes_1
28/928 Testing: mixingtypes_1
28/928 Test: mixingtypes_1
Command: ""
Directory: C:/Users/andre/Documents/Unief/Master 2/Project/Repo/Build/Lib/eigen-3.4.0/test
"mixingtypes_1" start time: 
Output:
----------------------------------------------------------
<end of output>
Test time =   0.00 sec
----------------------------------------------------------
Test Passed.
"mixingtypes_1" end time: Mar 18 16:19 Romance Standard Time
"mixingtypes_1" time elapsed: 00:00:00
----------------------------------------------------------

Unable to find executable: mixingtypes_2
29/928 Testing: mixingtypes_2
29/928 Test: mixingtypes_2
Command: ""
Directory: C:/Users/andre/Documents/Unief/Master 2/Project/Repo/Build/Lib/eigen-3.4.0/test
"mixingtypes_2" start time: 
Output:
----------------------------------------------------------
<end of output>
Test time =   0.00 sec
----------------------------------------------------------
Test Passed.
"mixingtypes_2" end time: Mar 18 16:19 Romance Standard Time
"mixingtypes_2" time elapsed: 00:00:00
----------------------------------------------------------

Unable to find executable: mixingtypes_3
30/928 Testing: mixingtypes_3
30/928 Test: mixingtypes_3
Command: ""
Directory: C:/Users/andre/Documents/Unief/Master 2/Project/Repo/Build/Lib/eigen-3.4.0/test
"mixingtypes_3" start time: 
Output:
----------------------------------------------------------
<end of output>
Test time =   0.00 sec
----------------------------------------------------------
Test Passed.
"mixingtypes_3" end time: Mar 18 16:19 Romance Standard Time
"mixingtypes_3" time elapsed: 00:00:00
----------------------------------------------------------

Unable to find executable: mixingtypes_4
31/928 Testing: mixingtypes_4
31/928 Test: mixingtypes_4
Command: ""
Directory: C:/Users/andre/Documents/Unief/Master 2/Project/Repo/Build/Lib/eigen-3.4.0/test
"mixingtypes_4" start time: 
Output:
----------------------------------------------------------
<end of output>
Test time =   0.00 sec
----------------------------------------------------------
Test Passed.
"mixingtypes_4" end time: Mar 18 16:19 Romance Standard Time
"mixingtypes_4" time elapsed: 00:00:00
----------------------------------------------------------

Unable to find executable: mixingtypes_5
32/928 Testing: mixingtypes_5
32/928 Test: mixingtypes_5
Command: ""
Directory: C:/Users/andre/Documents/Unief/Master 2/Project/Repo/Build/Lib/eigen-3.4.0/test
"mixingtypes_5" start time: 
Output:
----------------------------------------------------------
<end of output>
Test time =   0.00 sec
----------------------------------------------------------
Test Passed.
"mixingtypes_5" end time: Mar 18 16:19 Romance Standard Time
"mixingtypes_5" time elapsed: 00:00:00
----------------------------------------------------------

Unable to find executable: mixingtypes_6
33/928 Testing: mixingtypes_6
33/928 Test: mixingtypes_6
Command: ""
Directory: C:/Users/andre/Documents/Unief/Master 2/Project/Repo/Build/Lib/eigen-3.4.0/test
"mixingtypes_6" start time: 
Output:
----------------------------------------------------------
<end of output>
Test time =   0.00 sec
----------------------------------------------------------
Test Passed.
"mixingtypes_6" end time: Mar 18 16:19 Romance Standard Time
"mixingtypes_6" time elapsed: 00:00:00
----------------------------------------------------------

Unable to find executable: io
34/928 Testing: io
34/928 Test: io
Command: ""
Directory: C:/Users/andre/Documents/Unief/Master 2/Project/Repo/Build/Lib/eigen-3.4.0/test
"io" start time: 
Output:
----------------------------------------------------------
<end of output>
Test time =   0.00 sec
----------------------------------------------------------
Test Passed.
"io" end time: Mar 18 16:19 Romance Standard Time
"io" time elapsed: 00:00:00
----------------------------------------------------------

Unable to find executable: packetmath_1
35/928 Testing: packetmath_1
35/928 Test: packetmath_1
Command: ""
Directory: C:/Users/andre/Documents/Unief/Master 2/Project/Repo/Build/Lib/eigen-3.4.0/test
"packetmath_1" start time: 
Output:
----------------------------------------------------------
<end of output>
Test time =   0.00 sec
----------------------------------------------------------
Test Passed.
"packetmath_1" end time: Mar 18 16:19 Romance Standard Time
"packetmath_1" time elapsed: 00:00:00
----------------------------------------------------------

Unable to find executable: packetmath_2
36/928 Testing: packetmath_2
36/928 Test: packetmath_2
Command: ""
Directory: C:/Users/andre/Documents/Unief/Master 2/Project/Repo/Build/Lib/eigen-3.4.0/test
"packetmath_2" start time: 
Output:
----------------------------------------------------------
<end of output>
Test time =   0.00 sec
----------------------------------------------------------
Test Passed.
"packetmath_2" end time: Mar 18 16:19 Romance Standard Time
"packetmath_2" time elapsed: 00:00:00
----------------------------------------------------------

Unable to find executable: packetmath_3
37/928 Testing: packetmath_3
37/928 Test: packetmath_3
Command: ""
Directory: C:/Users/andre/Documents/Unief/Master 2/Project/Repo/Build/Lib/eigen-3.4.0/test
"packetmath_3" start time: 
Output:
----------------------------------------------------------
<end of output>
Test time =   0.00 sec
----------------------------------------------------------
Test Passed.
"packetmath_3" end time: Mar 18 16:19 Romance Standard Time
"packetmath_3" time elapsed: 00:00:00
----------------------------------------------------------

Unable to find executable: packetmath_4
38/928 Testing: packetmath_4
38/928 Test: packetmath_4
Command: ""
Directory: C:/Users/andre/Documents/Unief/Master 2/Project/Repo/Build/Lib/eigen-3.4.0/test
"packetmath_4" start time: 
Output:
----------------------------------------------------------
<end of output>
Test time =   0.00 sec
----------------------------------------------------------
Test Passed.
"packetmath_4" end time: Mar 18 16:19 Romance Standard Time
"packetmath_4" time elapsed: 00:00:00
----------------------------------------------------------

Unable to find executable: packetmath_5
39/928 Testing: packetmath_5
39/928 Test: packetmath_5
Command: ""
Directory: C:/Users/andre/Documents/Unief/Master 2/Project/Repo/Build/Lib/eigen-3.4.0/test
"packetmath_5" start time: 
Output:
----------------------------------------------------------
<end of output>
Test time =   0.00 sec
----------------------------------------------------------
Test Passed.
"packetmath_5" end time: Mar 18 16:19 Romance Standard Time
"packetmath_5" time elapsed: 00:00:00
----------------------------------------------------------

Unable to find executable: packetmath_6
40/928 Testing: packetmath_6
40/928 Test: packetmath_6
Command: ""
Directory: C:/Users/andre/Documents/Unief/Master 2/Project/Repo/Build/Lib/eigen-3.4.0/test
"packetmath_6" start time: 
Output:
----------------------------------------------------------
<end of output>
Test time =   0.00 sec
----------------------------------------------------------
Test Passed.
"packetmath_6" end time: Mar 18 16:19 Romance Standard Time
"packetmath_6" time elapsed: 00:00:00
----------------------------------------------------------

Unable to find executable: packetmath_7
41/928 Testing: packetmath_7
41/928 Test: packetmath_7
Command: ""
Directory: C:/Users/andre/Documents/Unief/Master 2/Project/Repo/Build/Lib/eigen-3.4.0/test
"packetmath_7" start time: 
Output:
----------------------------------------------------------
<end of output>
Test time =   0.00 sec
----------------------------------------------------------
Test Passed.
"packetmath_7" end time: Mar 18 16:19 Romance Standard Time
"packetmath_7" time elapsed: 00:00:00
----------------------------------------------------------

Unable to find executable: packetmath_8
42/928 Testing: packetmath_8
42/928 Test: packetmath_8
Command: ""
Directory: C:/Users/andre/Documents/Unief/Master 2/Project/Repo/Build/Lib/eigen-3.4.0/test
"packetmath_8" start time: 
Output:
----------------------------------------------------------
<end of output>
Test time =   0.00 sec
----------------------------------------------------------
Test Passed.
"packetmath_8" end time: Mar 18 16:19 Romance Standard Time
"packetmath_8" time elapsed: 00:00:00
----------------------------------------------------------

Unable to find executable: packetmath_9
43/928 Testing: packetmath_9
43/928 Test: packetmath_9
Command: ""
Directory: C:/Users/andre/Documents/Unief/Master 2/Project/Repo/Build/Lib/eigen-3.4.0/test
"packetmath_9" start time: 
Output:
----------------------------------------------------------
<end of output>
Test time =   0.00 sec
----------------------------------------------------------
Test Passed.
"packetmath_9" end time: Mar 18 16:19 Romance Standard Time
"packetmath_9" time elapsed: 00:00:00
----------------------------------------------------------

Unable to find executable: packetmath_10
44/928 Testing: packetmath_10
44/928 Test: packetmath_10
Command: ""
Directory: C:/Users/andre/Documents/Unief/Master 2/Project/Repo/Build/Lib/eigen-3.4.0/test
"packetmath_10" start time: 
Output:
----------------------------------------------------------
<end of output>
Test time =   0.00 sec
----------------------------------------------------------
Test Passed.
"packetmath_10" end time: Mar 18 16:19 Romance Standard Time
"packetmath_10" time elapsed: 00:00:00
----------------------------------------------------------

Unable to find executable: packetmath_11
45/928 Testing: packetmath_11
45/928 Test: packetmath_11
Command: ""
Directory: C:/Users/andre/Documents/Unief/Master 2/Project/Repo/Build/Lib/eigen-3.4.0/test
"packetmath_11" start time: 
Output:
----------------------------------------------------------
<end of output>
Test time =   0.00 sec
----------------------------------------------------------
Test Passed.
"packetmath_11" end time: Mar 18 16:19 Romance Standard Time
"packetmath_11" time elapsed: 00:00:00
----------------------------------------------------------

Unable to find executable: packetmath_12
46/928 Testing: packetmath_12
46/928 Test: packetmath_12
Command: ""
Directory: C:/Users/andre/Documents/Unief/Master 2/Project/Repo/Build/Lib/eigen-3.4.0/test
"packetmath_12" start time: 
Output:
----------------------------------------------------------
<end of output>
Test time =   0.00 sec
----------------------------------------------------------
Test Passed.
"packetmath_12" end time: Mar 18 16:19 Romance Standard Time
"packetmath_12" time elapsed: 00:00:00
----------------------------------------------------------

Unable to find executable: packetmath_13
47/928 Testing: packetmath_13
47/928 Test: packetmath_13
Command: ""
Directory: C:/Users/andre/Documents/Unief/Master 2/Project/Repo/Build/Lib/eigen-3.4.0/test
"packetmath_13" start time: 
Output:
----------------------------------------------------------
<end of output>
Test time =   0.00 sec
----------------------------------------------------------
Test Passed.
"packetmath_13" end time: Mar 18 16:19 Romance Standard Time
"packetmath_13" time elapsed: 00:00:00
----------------------------------------------------------

Unable to find executable: packetmath_14
48/928 Testing: packetmath_14
48/928 Test: packetmath_14
Command: ""
Directory: C:/Users/andre/Documents/Unief/Master 2/Project/Repo/Build/Lib/eigen-3.4.0/test
"packetmath_14" start time: 
Output:
----------------------------------------------------------
<end of output>
Test time =   0.00 sec
----------------------------------------------------------
Test Passed.
"packetmath_14" end time: Mar 18 16:19 Romance Standard Time
"packetmath_14" time elapsed: 00:00:00
----------------------------------------------------------

Unable to find executable: packetmath_15
49/928 Testing: packetmath_15
49/928 Test: packetmath_15
Command: ""
Directory: C:/Users/andre/Documents/Unief/Master 2/Project/Repo/Build/Lib/eigen-3.4.0/test
"packetmath_15" start time: 
Output:
----------------------------------------------------------
<end of output>
Test time =   0.00 sec
----------------------------------------------------------
Test Passed.
"packetmath_15" end time: Mar 18 16:19 Romance Standard Time
"packetmath_15" time elapsed: 00:00:00
----------------------------------------------------------

Unable to find executable: vectorization_logic_1
50/928 Testing: vectorization_logic_1
50/928 Test: vectorization_logic_1
Command: ""
Directory: C:/Users/andre/Documents/Unief/Master 2/Project/Repo/Build/Lib/eigen-3.4.0/test
"vectorization_logic_1" start time: 
Output:
----------------------------------------------------------
<end of output>
Test time =   0.00 sec
----------------------------------------------------------
Test Passed.
"vectorization_logic_1" end time: Mar 18 16:19 Romance Standard Time
"vectorization_logic_1" time elapsed: 00:00:00
----------------------------------------------------------

Unable to find executable: vectorization_logic_2
51/928 Testing: vectorization_logic_2
51/928 Test: vectorization_logic_2
Command: ""
Directory: C:/Users/andre/Documents/Unief/Master 2/Project/Repo/Build/Lib/eigen-3.4.0/test
"vectorization_logic_2" start time: 
Output:
----------------------------------------------------------
<end of output>
Test time =   0.00 sec
----------------------------------------------------------
Test Passed.
"vectorization_logic_2" end time: Mar 18 16:19 Romance Standard Time
"vectorization_logic_2" time elapsed: 00:00:00
----------------------------------------------------------

Unable to find executable: basicstuff_1
52/928 Testing: basicstuff_1
52/928 Test: basicstuff_1
Command: ""
Directory: C:/Users/andre/Documents/Unief/Master 2/Project/Repo/Build/Lib/eigen-3.4.0/test
"basicstuff_1" start time: 
Output:
----------------------------------------------------------
<end of output>
Test time =   0.00 sec
----------------------------------------------------------
Test Passed.
"basicstuff_1" end time: Mar 18 16:19 Romance Standard Time
"basicstuff_1" time elapsed: 00:00:00
----------------------------------------------------------

Unable to find executable: basicstuff_2
53/928 Testing: basicstuff_2
53/928 Test: basicstuff_2
Command: ""
Directory: C:/Users/andre/Documents/Unief/Master 2/Project/Repo/Build/Lib/eigen-3.4.0/test
"basicstuff_2" start time: 
Output:
----------------------------------------------------------
<end of output>
Test time =   0.00 sec
----------------------------------------------------------
Test Passed.
"basicstuff_2" end time: Mar 18 16:19 Romance Standard Time
"basicstuff_2" time elapsed: 00:00:00
----------------------------------------------------------

Unable to find executable: basicstuff_3
54/928 Testing: basicstuff_3
54/928 Test: basicstuff_3
Command: ""
Directory: C:/Users/andre/Documents/Unief/Master 2/Project/Repo/Build/Lib/eigen-3.4.0/test
"basicstuff_3" start time: 
Output:
----------------------------------------------------------
<end of output>
Test time =   0.00 sec
----------------------------------------------------------
Test Passed.
"basicstuff_3" end time: Mar 18 16:19 Romance Standard Time
"basicstuff_3" time elapsed: 00:00:00
----------------------------------------------------------

Unable to find executable: basicstuff_4
55/928 Testing: basicstuff_4
55/928 Test: basicstuff_4
Command: ""
Directory: C:/Users/andre/Documents/Unief/Master 2/Project/Repo/Build/Lib/eigen-3.4.0/test
"basicstuff_4" start time: 
Output:
----------------------------------------------------------
<end of output>
Test time =   0.00 sec
----------------------------------------------------------
Test Passed.
"basicstuff_4" end time: Mar 18 16:19 Romance Standard Time
"basicstuff_4" time elapsed: 00:00:00
----------------------------------------------------------

Unable to find executable: basicstuff_5
56/928 Testing: basicstuff_5
56/928 Test: basicstuff_5
Command: ""
Directory: C:/Users/andre/Documents/Unief/Master 2/Project/Repo/Build/Lib/eigen-3.4.0/test
"basicstuff_5" start time: 
Output:
----------------------------------------------------------
<end of output>
Test time =   0.00 sec
----------------------------------------------------------
Test Passed.
"basicstuff_5" end time: Mar 18 16:19 Romance Standard Time
"basicstuff_5" time elapsed: 00:00:00
----------------------------------------------------------

Unable to find executable: basicstuff_6
57/928 Testing: basicstuff_6
57/928 Test: basicstuff_6
Command: ""
Directory: C:/Users/andre/Documents/Unief/Master 2/Project/Repo/Build/Lib/eigen-3.4.0/test
"basicstuff_6" start time: 
Output:
----------------------------------------------------------
<end of output>
Test time =   0.00 sec
----------------------------------------------------------
Test Passed.
"basicstuff_6" end time: Mar 18 16:19 Romance Standard Time
"basicstuff_6" time elapsed: 00:00:00
----------------------------------------------------------

Unable to find executable: basicstuff_7
58/928 Testing: basicstuff_7
58/928 Test: basicstuff_7
Command: ""
Directory: C:/Users/andre/Documents/Unief/Master 2/Project/Repo/Build/Lib/eigen-3.4.0/test
"basicstuff_7" start time: 
Output:
----------------------------------------------------------
<end of output>
Test time =   0.00 sec
----------------------------------------------------------
Test Passed.
"basicstuff_7" end time: Mar 18 16:19 Romance Standard Time
"basicstuff_7" time elapsed: 00:00:00
----------------------------------------------------------

Unable to find executable: basicstuff_8
59/928 Testing: basicstuff_8
59/928 Test: basicstuff_8
Command: ""
Directory: C:/Users/andre/Documents/Unief/Master 2/Project/Repo/Build/Lib/eigen-3.4.0/test
"basicstuff_8" start time: 
Output:
----------------------------------------------------------
<end of output>
Test time =   0.00 sec
----------------------------------------------------------
Test Passed.
"basicstuff_8" end time: Mar 18 16:19 Romance Standard Time
"basicstuff_8" time elapsed: 00:00:00
----------------------------------------------------------

Unable to find executable: constructor_1
60/928 Testing: constructor_1
60/928 Test: constructor_1
Command: ""
Directory: C:/Users/andre/Documents/Unief/Master 2/Project/Repo/Build/Lib/eigen-3.4.0/test
"constructor_1" start time: 
Output:
----------------------------------------------------------
<end of output>
Test time =   0.00 sec
----------------------------------------------------------
Test Passed.
"constructor_1" end time: Mar 18 16:19 Romance Standard Time
"constructor_1" time elapsed: 00:00:00
----------------------------------------------------------

Unable to find executable: linearstructure_1
61/928 Testing: linearstructure_1
61/928 Test: linearstructure_1
Command: ""
Directory: C:/Users/andre/Documents/Unief/Master 2/Project/Repo/Build/Lib/eigen-3.4.0/test
"linearstructure_1" start time: 
Output:
----------------------------------------------------------
<end of output>
Test time =   0.00 sec
----------------------------------------------------------
Test Passed.
"linearstructure_1" end time: Mar 18 16:19 Romance Standard Time
"linearstructure_1" time elapsed: 00:00:00
----------------------------------------------------------

Unable to find executable: linearstructure_2
62/928 Testing: linearstructure_2
62/928 Test: linearstructure_2
Command: ""
Directory: C:/Users/andre/Documents/Unief/Master 2/Project/Repo/Build/Lib/eigen-3.4.0/test
"linearstructure_2" start time: 
Output:
----------------------------------------------------------
<end of output>
Test time =   0.00 sec
----------------------------------------------------------
Test Passed.
"linearstructure_2" end time: Mar 18 16:19 Romance Standard Time
"linearstructure_2" time elapsed: 00:00:00
----------------------------------------------------------

Unable to find executable: linearstructure_3
63/928 Testing: linearstructure_3
63/928 Test: linearstructure_3
Command: ""
Directory: C:/Users/andre/Documents/Unief/Master 2/Project/Repo/Build/Lib/eigen-3.4.0/test
"linearstructure_3" start time: 
Output:
----------------------------------------------------------
<end of output>
Test time =   0.00 sec
----------------------------------------------------------
Test Passed.
"linearstructure_3" end time: Mar 18 16:19 Romance Standard Time
"linearstructure_3" time elapsed: 00:00:00
----------------------------------------------------------

Unable to find executable: linearstructure_4
64/928 Testing: linearstructure_4
64/928 Test: linearstructure_4
Command: ""
Directory: C:/Users/andre/Documents/Unief/Master 2/Project/Repo/Build/Lib/eigen-3.4.0/test
"linearstructure_4" start time: 
Output:
----------------------------------------------------------
<end of output>
Test time =   0.00 sec
----------------------------------------------------------
Test Passed.
"linearstructure_4" end time: Mar 18 16:19 Romance Standard Time
"linearstructure_4" time elapsed: 00:00:00
----------------------------------------------------------

Unable to find executable: linearstructure_5
65/928 Testing: linearstructure_5
65/928 Test: linearstructure_5
Command: ""
Directory: C:/Users/andre/Documents/Unief/Master 2/Project/Repo/Build/Lib/eigen-3.4.0/test
"linearstructure_5" start time: 
Output:
----------------------------------------------------------
<end of output>
Test time =   0.00 sec
----------------------------------------------------------
Test Passed.
"linearstructure_5" end time: Mar 18 16:19 Romance Standard Time
"linearstructure_5" time elapsed: 00:00:00
----------------------------------------------------------

Unable to find executable: linearstructure_6
66/928 Testing: linearstructure_6
66/928 Test: linearstructure_6
Command: ""
Directory: C:/Users/andre/Documents/Unief/Master 2/Project/Repo/Build/Lib/eigen-3.4.0/test
"linearstructure_6" start time: 
Output:
----------------------------------------------------------
<end of output>
Test time =   0.00 sec
----------------------------------------------------------
Test Passed.
"linearstructure_6" end time: Mar 18 16:19 Romance Standard Time
"linearstructure_6" time elapsed: 00:00:00
----------------------------------------------------------

Unable to find executable: linearstructure_7
67/928 Testing: linearstructure_7
67/928 Test: linearstructure_7
Command: ""
Directory: C:/Users/andre/Documents/Unief/Master 2/Project/Repo/Build/Lib/eigen-3.4.0/test
"linearstructure_7" start time: 
Output:
----------------------------------------------------------
<end of output>
Test time =   0.00 sec
----------------------------------------------------------
Test Passed.
"linearstructure_7" end time: Mar 18 16:19 Romance Standard Time
"linearstructure_7" time elapsed: 00:00:00
----------------------------------------------------------

Unable to find executable: linearstructure_8
68/928 Testing: linearstructure_8
68/928 Test: linearstructure_8
Command: ""
Directory: C:/Users/andre/Documents/Unief/Master 2/Project/Repo/Build/Lib/eigen-3.4.0/test
"linearstructure_8" start time: 
Output:
----------------------------------------------------------
<end of output>
Test time =   0.00 sec
----------------------------------------------------------
Test Passed.
"linearstructure_8" end time: Mar 18 16:19 Romance Standard Time
"linearstructure_8" time elapsed: 00:00:00
----------------------------------------------------------

Unable to find executable: linearstructure_9
69/928 Testing: linearstructure_9
69/928 Test: linearstructure_9
Command: ""
Directory: C:/Users/andre/Documents/Unief/Master 2/Project/Repo/Build/Lib/eigen-3.4.0/test
"linearstructure_9" start time: 
Output:
----------------------------------------------------------
<end of output>
Test time =   0.00 sec
----------------------------------------------------------
Test Passed.
"linearstructure_9" end time: Mar 18 16:19 Romance Standard Time
"linearstructure_9" time elapsed: 00:00:00
----------------------------------------------------------

Unable to find executable: linearstructure_10
70/928 Testing: linearstructure_10
70/928 Test: linearstructure_10
Command: ""
Directory: C:/Users/andre/Documents/Unief/Master 2/Project/Repo/Build/Lib/eigen-3.4.0/test
"linearstructure_10" start time: 
Output:
----------------------------------------------------------
<end of output>
Test time =   0.00 sec
----------------------------------------------------------
Test Passed.
"linearstructure_10" end time: Mar 18 16:19 Romance Standard Time
"linearstructure_10" time elapsed: 00:00:00
----------------------------------------------------------

Unable to find executable: linearstructure_11
71/928 Testing: linearstructure_11
71/928 Test: linearstructure_11
Command: ""
Directory: C:/Users/andre/Documents/Unief/Master 2/Project/Repo/Build/Lib/eigen-3.4.0/test
"linearstructure_11" start time: 
Output:
----------------------------------------------------------
<end of output>
Test time =   0.00 sec
----------------------------------------------------------
Test Passed.
"linearstructure_11" end time: Mar 18 16:19 Romance Standard Time
"linearstructure_11" time elapsed: 00:00:00
----------------------------------------------------------

Unable to find executable: integer_types_1
72/928 Testing: integer_types_1
72/928 Test: integer_types_1
Command: ""
Directory: C:/Users/andre/Documents/Unief/Master 2/Project/Repo/Build/Lib/eigen-3.4.0/test
"integer_types_1" start time: 
Output:
----------------------------------------------------------
<end of output>
Test time =   0.00 sec
----------------------------------------------------------
Test Passed.
"integer_types_1" end time: Mar 18 16:19 Romance Standard Time
"integer_types_1" time elapsed: 00:00:00
----------------------------------------------------------

Unable to find executable: integer_types_2
73/928 Testing: integer_types_2
73/928 Test: integer_types_2
Command: ""
Directory: C:/Users/andre/Documents/Unief/Master 2/Project/Repo/Build/Lib/eigen-3.4.0/test
"integer_types_2" start time: 
Output:
----------------------------------------------------------
<end of output>
Test time =   0.00 sec
----------------------------------------------------------
Test Passed.
"integer_types_2" end time: Mar 18 16:19 Romance Standard Time
"integer_types_2" time elapsed: 00:00:00
----------------------------------------------------------

Unable to find executable: integer_types_3
74/928 Testing: integer_types_3
74/928 Test: integer_types_3
Command: ""
Directory: C:/Users/andre/Documents/Unief/Master 2/Project/Repo/Build/Lib/eigen-3.4.0/test
"integer_types_3" start time: 
Output:
----------------------------------------------------------
<end of output>
Test time =   0.00 sec
----------------------------------------------------------
Test Passed.
"integer_types_3" end time: Mar 18 16:19 Romance Standard Time
"integer_types_3" time elapsed: 00:00:00
----------------------------------------------------------

Unable to find executable: integer_types_4
75/928 Testing: integer_types_4
75/928 Test: integer_types_4
Command: ""
Directory: C:/Users/andre/Documents/Unief/Master 2/Project/Repo/Build/Lib/eigen-3.4.0/test
"integer_types_4" start time: 
Output:
----------------------------------------------------------
<end of output>
Test time =   0.00 sec
----------------------------------------------------------
Test Passed.
"integer_types_4" end time: Mar 18 16:19 Romance Standard Time
"integer_types_4" time elapsed: 00:00:00
----------------------------------------------------------

Unable to find executable: integer_types_5
76/928 Testing: integer_types_5
76/928 Test: integer_types_5
Command: ""
Directory: C:/Users/andre/Documents/Unief/Master 2/Project/Repo/Build/Lib/eigen-3.4.0/test
"integer_types_5" start time: 
Output:
----------------------------------------------------------
<end of output>
Test time =   0.00 sec
----------------------------------------------------------
Test Passed.
"integer_types_5" end time: Mar 18 16:19 Romance Standard Time
"integer_types_5" time elapsed: 00:00:00
----------------------------------------------------------

Unable to find executable: integer_types_6
77/928 Testing: integer_types_6
77/928 Test: integer_types_6
Command: ""
Directory: C:/Users/andre/Documents/Unief/Master 2/Project/Repo/Build/Lib/eigen-3.4.0/test
"integer_types_6" start time: 
Output:
----------------------------------------------------------
<end of output>
Test time =   0.00 sec
----------------------------------------------------------
Test Passed.
"integer_types_6" end time: Mar 18 16:19 Romance Standard Time
"integer_types_6" time elapsed: 00:00:00
----------------------------------------------------------

Unable to find executable: integer_types_7
78/928 Testing: integer_types_7
78/928 Test: integer_types_7
Command: ""
Directory: C:/Users/andre/Documents/Unief/Master 2/Project/Repo/Build/Lib/eigen-3.4.0/test
"integer_types_7" start time: 
Output:
----------------------------------------------------------
<end of output>
Test time =   0.00 sec
----------------------------------------------------------
Test Passed.
"integer_types_7" end time: Mar 18 16:19 Romance Standard Time
"integer_types_7" time elapsed: 00:00:00
----------------------------------------------------------

Unable to find executable: integer_types_8
79/928 Testing: integer_types_8
79/928 Test: integer_types_8
Command: ""
Directory: C:/Users/andre/Documents/Unief/Master 2/Project/Repo/Build/Lib/eigen-3.4.0/test
"integer_types_8" start time: 
Output:
----------------------------------------------------------
<end of output>
Test time =   0.00 sec
----------------------------------------------------------
Test Passed.
"integer_types_8" end time: Mar 18 16:19 Romance Standard Time
"integer_types_8" time elapsed: 00:00:00
----------------------------------------------------------

Unable to find executable: integer_types_9
80/928 Testing: integer_types_9
80/928 Test: integer_types_9
Command: ""
Directory: C:/Users/andre/Documents/Unief/Master 2/Project/Repo/Build/Lib/eigen-3.4.0/test
"integer_types_9" start time: 
Output:
----------------------------------------------------------
<end of output>
Test time =   0.00 sec
----------------------------------------------------------
Test Passed.
"integer_types_9" end time: Mar 18 16:19 Romance Standard Time
"integer_types_9" time elapsed: 00:00:00
----------------------------------------------------------

Unable to find executable: unalignedcount
81/928 Testing: unalignedcount
81/928 Test: unalignedcount
Command: ""
Directory: C:/Users/andre/Documents/Unief/Master 2/Project/Repo/Build/Lib/eigen-3.4.0/test
"unalignedcount" start time: 
Output:
----------------------------------------------------------
<end of output>
Test time =   0.00 sec
----------------------------------------------------------
Test Passed.
"unalignedcount" end time: Mar 18 16:19 Romance Standard Time
"unalignedcount" time elapsed: 00:00:00
----------------------------------------------------------

Unable to find executable: exceptions
82/928 Testing: exceptions
82/928 Test: exceptions
Command: ""
Directory: C:/Users/andre/Documents/Unief/Master 2/Project/Repo/Build/Lib/eigen-3.4.0/test
"exceptions" start time: 
Output:
----------------------------------------------------------
<end of output>
Test time =   0.00 sec
----------------------------------------------------------
Test Passed.
"exceptions" end time: Mar 18 16:19 Romance Standard Time
"exceptions" time elapsed: 00:00:00
----------------------------------------------------------

Unable to find executable: redux_1
83/928 Testing: redux_1
83/928 Test: redux_1
Command: ""
Directory: C:/Users/andre/Documents/Unief/Master 2/Project/Repo/Build/Lib/eigen-3.4.0/test
"redux_1" start time: 
Output:
----------------------------------------------------------
<end of output>
Test time =   0.00 sec
----------------------------------------------------------
Test Passed.
"redux_1" end time: Mar 18 16:19 Romance Standard Time
"redux_1" time elapsed: 00:00:00
----------------------------------------------------------

Unable to find executable: redux_2
84/928 Testing: redux_2
84/928 Test: redux_2
Command: ""
Directory: C:/Users/andre/Documents/Unief/Master 2/Project/Repo/Build/Lib/eigen-3.4.0/test
"redux_2" start time: 
Output:
----------------------------------------------------------
<end of output>
Test time =   0.00 sec
----------------------------------------------------------
Test Passed.
"redux_2" end time: Mar 18 16:19 Romance Standard Time
"redux_2" time elapsed: 00:00:00
----------------------------------------------------------

Unable to find executable: redux_3
85/928 Testing: redux_3
85/928 Test: redux_3
Command: ""
Directory: C:/Users/andre/Documents/Unief/Master 2/Project/Repo/Build/Lib/eigen-3.4.0/test
"redux_3" start time: 
Output:
----------------------------------------------------------
<end of output>
Test time =   0.00 sec
----------------------------------------------------------
Test Passed.
"redux_3" end time: Mar 18 16:19 Romance Standard Time
"redux_3" time elapsed: 00:00:00
----------------------------------------------------------

Unable to find executable: redux_4
86/928 Testing: redux_4
86/928 Test: redux_4
Command: ""
Directory: C:/Users/andre/Documents/Unief/Master 2/Project/Repo/Build/Lib/eigen-3.4.0/test
"redux_4" start time: 
Output:
----------------------------------------------------------
<end of output>
Test time =   0.00 sec
----------------------------------------------------------
Test Passed.
"redux_4" end time: Mar 18 16:19 Romance Standard Time
"redux_4" time elapsed: 00:00:00
----------------------------------------------------------

Unable to find executable: redux_5
87/928 Testing: redux_5
87/928 Test: redux_5
Command: ""
Directory: C:/Users/andre/Documents/Unief/Master 2/Project/Repo/Build/Lib/eigen-3.4.0/test
"redux_5" start time: 
Output:
----------------------------------------------------------
<end of output>
Test time =   0.00 sec
----------------------------------------------------------
Test Passed.
"redux_5" end time: Mar 18 16:19 Romance Standard Time
"redux_5" time elapsed: 00:00:00
----------------------------------------------------------

Unable to find executable: redux_6
88/928 Testing: redux_6
88/928 Test: redux_6
Command: ""
Directory: C:/Users/andre/Documents/Unief/Master 2/Project/Repo/Build/Lib/eigen-3.4.0/test
"redux_6" start time: 
Output:
----------------------------------------------------------
<end of output>
Test time =   0.00 sec
----------------------------------------------------------
Test Passed.
"redux_6" end time: Mar 18 16:19 Romance Standard Time
"redux_6" time elapsed: 00:00:00
----------------------------------------------------------

Unable to find executable: redux_7
89/928 Testing: redux_7
89/928 Test: redux_7
Command: ""
Directory: C:/Users/andre/Documents/Unief/Master 2/Project/Repo/Build/Lib/eigen-3.4.0/test
"redux_7" start time: 
Output:
----------------------------------------------------------
<end of output>
Test time =   0.00 sec
----------------------------------------------------------
Test Passed.
"redux_7" end time: Mar 18 16:19 Romance Standard Time
"redux_7" time elapsed: 00:00:00
----------------------------------------------------------

Unable to find executable: redux_8
90/928 Testing: redux_8
90/928 Test: redux_8
Command: ""
Directory: C:/Users/andre/Documents/Unief/Master 2/Project/Repo/Build/Lib/eigen-3.4.0/test
"redux_8" start time: 
Output:
----------------------------------------------------------
<end of output>
Test time =   0.00 sec
----------------------------------------------------------
Test Passed.
"redux_8" end time: Mar 18 16:19 Romance Standard Time
"redux_8" time elapsed: 00:00:00
----------------------------------------------------------

Unable to find executable: visitor_1
91/928 Testing: visitor_1
91/928 Test: visitor_1
Command: ""
Directory: C:/Users/andre/Documents/Unief/Master 2/Project/Repo/Build/Lib/eigen-3.4.0/test
"visitor_1" start time: 
Output:
----------------------------------------------------------
<end of output>
Test time =   0.00 sec
----------------------------------------------------------
Test Passed.
"visitor_1" end time: Mar 18 16:19 Romance Standard Time
"visitor_1" time elapsed: 00:00:00
----------------------------------------------------------

Unable to find executable: visitor_2
92/928 Testing: visitor_2
92/928 Test: visitor_2
Command: ""
Directory: C:/Users/andre/Documents/Unief/Master 2/Project/Repo/Build/Lib/eigen-3.4.0/test
"visitor_2" start time: 
Output:
----------------------------------------------------------
<end of output>
Test time =   0.00 sec
----------------------------------------------------------
Test Passed.
"visitor_2" end time: Mar 18 16:19 Romance Standard Time
"visitor_2" time elapsed: 00:00:00
----------------------------------------------------------

Unable to find executable: visitor_3
93/928 Testing: visitor_3
93/928 Test: visitor_3
Command: ""
Directory: C:/Users/andre/Documents/Unief/Master 2/Project/Repo/Build/Lib/eigen-3.4.0/test
"visitor_3" start time: 
Output:
----------------------------------------------------------
<end of output>
Test time =   0.00 sec
----------------------------------------------------------
Test Passed.
"visitor_3" end time: Mar 18 16:19 Romance Standard Time
"visitor_3" time elapsed: 00:00:00
----------------------------------------------------------

Unable to find executable: visitor_4
94/928 Testing: visitor_4
94/928 Test: visitor_4
Command: ""
Directory: C:/Users/andre/Documents/Unief/Master 2/Project/Repo/Build/Lib/eigen-3.4.0/test
"visitor_4" start time: 
Output:
----------------------------------------------------------
<end of output>
Test time =   0.00 sec
----------------------------------------------------------
Test Passed.
"visitor_4" end time: Mar 18 16:19 Romance Standard Time
"visitor_4" time elapsed: 00:00:00
----------------------------------------------------------

Unable to find executable: visitor_5
95/928 Testing: visitor_5
95/928 Test: visitor_5
Command: ""
Directory: C:/Users/andre/Documents/Unief/Master 2/Project/Repo/Build/Lib/eigen-3.4.0/test
"visitor_5" start time: 
Output:
----------------------------------------------------------
<end of output>
Test time =   0.00 sec
----------------------------------------------------------
Test Passed.
"visitor_5" end time: Mar 18 16:19 Romance Standard Time
"visitor_5" time elapsed: 00:00:00
----------------------------------------------------------

Unable to find executable: visitor_6
96/928 Testing: visitor_6
96/928 Test: visitor_6
Command: ""
Directory: C:/Users/andre/Documents/Unief/Master 2/Project/Repo/Build/Lib/eigen-3.4.0/test
"visitor_6" start time: 
Output:
----------------------------------------------------------
<end of output>
Test time =   0.00 sec
----------------------------------------------------------
Test Passed.
"visitor_6" end time: Mar 18 16:19 Romance Standard Time
"visitor_6" time elapsed: 00:00:00
----------------------------------------------------------

Unable to find executable: visitor_7
97/928 Testing: visitor_7
97/928 Test: visitor_7
Command: ""
Directory: C:/Users/andre/Documents/Unief/Master 2/Project/Repo/Build/Lib/eigen-3.4.0/test
"visitor_7" start time: 
Output:
----------------------------------------------------------
<end of output>
Test time =   0.00 sec
----------------------------------------------------------
Test Passed.
"visitor_7" end time: Mar 18 16:19 Romance Standard Time
"visitor_7" time elapsed: 00:00:00
----------------------------------------------------------

Unable to find executable: visitor_8
98/928 Testing: visitor_8
98/928 Test: visitor_8
Command: ""
Directory: C:/Users/andre/Documents/Unief/Master 2/Project/Repo/Build/Lib/eigen-3.4.0/test
"visitor_8" start time: 
Output:
----------------------------------------------------------
<end of output>
Test time =   0.00 sec
----------------------------------------------------------
Test Passed.
"visitor_8" end time: Mar 18 16:19 Romance Standard Time
"visitor_8" time elapsed: 00:00:00
----------------------------------------------------------

Unable to find executable: visitor_9
99/928 Testing: visitor_9
99/928 Test: visitor_9
Command: ""
Directory: C:/Users/andre/Documents/Unief/Master 2/Project/Repo/Build/Lib/eigen-3.4.0/test
"visitor_9" start time: 
Output:
----------------------------------------------------------
<end of output>
Test time =   0.00 sec
----------------------------------------------------------
Test Passed.
"visitor_9" end time: Mar 18 16:19 Romance Standard Time
"visitor_9" time elapsed: 00:00:00
----------------------------------------------------------

Unable to find executable: visitor_10
100/928 Testing: visitor_10
100/928 Test: visitor_10
Command: ""
Directory: C:/Users/andre/Documents/Unief/Master 2/Project/Repo/Build/Lib/eigen-3.4.0/test
"visitor_10" start time: 
Output:
----------------------------------------------------------
<end of output>
Test time =   0.00 sec
----------------------------------------------------------
Test Passed.
"visitor_10" end time: Mar 18 16:19 Romance Standard Time
"visitor_10" time elapsed: 00:00:00
----------------------------------------------------------

Unable to find executable: block_1
101/928 Testing: block_1
101/928 Test: block_1
Command: ""
Directory: C:/Users/andre/Documents/Unief/Master 2/Project/Repo/Build/Lib/eigen-3.4.0/test
"block_1" start time: 
Output:
----------------------------------------------------------
<end of output>
Test time =   0.00 sec
----------------------------------------------------------
Test Passed.
"block_1" end time: Mar 18 16:19 Romance Standard Time
"block_1" time elapsed: 00:00:00
----------------------------------------------------------

Unable to find executable: block_2
102/928 Testing: block_2
102/928 Test: block_2
Command: ""
Directory: C:/Users/andre/Documents/Unief/Master 2/Project/Repo/Build/Lib/eigen-3.4.0/test
"block_2" start time: 
Output:
----------------------------------------------------------
<end of output>
Test time =   0.00 sec
----------------------------------------------------------
Test Passed.
"block_2" end time: Mar 18 16:19 Romance Standard Time
"block_2" time elapsed: 00:00:00
----------------------------------------------------------

Unable to find executable: block_3
103/928 Testing: block_3
103/928 Test: block_3
Command: ""
Directory: C:/Users/andre/Documents/Unief/Master 2/Project/Repo/Build/Lib/eigen-3.4.0/test
"block_3" start time: 
Output:
----------------------------------------------------------
<end of output>
Test time =   0.00 sec
----------------------------------------------------------
Test Passed.
"block_3" end time: Mar 18 16:19 Romance Standard Time
"block_3" time elapsed: 00:00:00
----------------------------------------------------------

Unable to find executable: block_4
104/928 Testing: block_4
104/928 Test: block_4
Command: ""
Directory: C:/Users/andre/Documents/Unief/Master 2/Project/Repo/Build/Lib/eigen-3.4.0/test
"block_4" start time: 
Output:
----------------------------------------------------------
<end of output>
Test time =   0.00 sec
----------------------------------------------------------
Test Passed.
"block_4" end time: Mar 18 16:19 Romance Standard Time
"block_4" time elapsed: 00:00:00
----------------------------------------------------------

Unable to find executable: block_5
105/928 Testing: block_5
105/928 Test: block_5
Command: ""
Directory: C:/Users/andre/Documents/Unief/Master 2/Project/Repo/Build/Lib/eigen-3.4.0/test
"block_5" start time: 
Output:
----------------------------------------------------------
<end of output>
Test time =   0.00 sec
----------------------------------------------------------
Test Passed.
"block_5" end time: Mar 18 16:19 Romance Standard Time
"block_5" time elapsed: 00:00:00
----------------------------------------------------------

Unable to find executable: block_6
106/928 Testing: block_6
106/928 Test: block_6
Command: ""
Directory: C:/Users/andre/Documents/Unief/Master 2/Project/Repo/Build/Lib/eigen-3.4.0/test
"block_6" start time: 
Output:
----------------------------------------------------------
<end of output>
Test time =   0.00 sec
----------------------------------------------------------
Test Passed.
"block_6" end time: Mar 18 16:19 Romance Standard Time
"block_6" time elapsed: 00:00:00
----------------------------------------------------------

Unable to find executable: block_7
107/928 Testing: block_7
107/928 Test: block_7
Command: ""
Directory: C:/Users/andre/Documents/Unief/Master 2/Project/Repo/Build/Lib/eigen-3.4.0/test
"block_7" start time: 
Output:
----------------------------------------------------------
<end of output>
Test time =   0.00 sec
----------------------------------------------------------
Test Passed.
"block_7" end time: Mar 18 16:19 Romance Standard Time
"block_7" time elapsed: 00:00:00
----------------------------------------------------------

Unable to find executable: block_8
108/928 Testing: block_8
108/928 Test: block_8
Command: ""
Directory: C:/Users/andre/Documents/Unief/Master 2/Project/Repo/Build/Lib/eigen-3.4.0/test
"block_8" start time: 
Output:
----------------------------------------------------------
<end of output>
Test time =   0.00 sec
----------------------------------------------------------
Test Passed.
"block_8" end time: Mar 18 16:19 Romance Standard Time
"block_8" time elapsed: 00:00:00
----------------------------------------------------------

Unable to find executable: corners_1
109/928 Testing: corners_1
109/928 Test: corners_1
Command: ""
Directory: C:/Users/andre/Documents/Unief/Master 2/Project/Repo/Build/Lib/eigen-3.4.0/test
"corners_1" start time: 
Output:
----------------------------------------------------------
<end of output>
Test time =   0.00 sec
----------------------------------------------------------
Test Passed.
"corners_1" end time: Mar 18 16:19 Romance Standard Time
"corners_1" time elapsed: 00:00:00
----------------------------------------------------------

Unable to find executable: corners_2
110/928 Testing: corners_2
110/928 Test: corners_2
Command: ""
Directory: C:/Users/andre/Documents/Unief/Master 2/Project/Repo/Build/Lib/eigen-3.4.0/test
"corners_2" start time: 
Output:
----------------------------------------------------------
<end of output>
Test time =   0.00 sec
----------------------------------------------------------
Test Passed.
"corners_2" end time: Mar 18 16:19 Romance Standard Time
"corners_2" time elapsed: 00:00:00
----------------------------------------------------------

Unable to find executable: corners_3
111/928 Testing: corners_3
111/928 Test: corners_3
Command: ""
Directory: C:/Users/andre/Documents/Unief/Master 2/Project/Repo/Build/Lib/eigen-3.4.0/test
"corners_3" start time: 
Output:
----------------------------------------------------------
<end of output>
Test time =   0.00 sec
----------------------------------------------------------
Test Passed.
"corners_3" end time: Mar 18 16:19 Romance Standard Time
"corners_3" time elapsed: 00:00:00
----------------------------------------------------------

Unable to find executable: corners_4
112/928 Testing: corners_4
112/928 Test: corners_4
Command: ""
Directory: C:/Users/andre/Documents/Unief/Master 2/Project/Repo/Build/Lib/eigen-3.4.0/test
"corners_4" start time: 
Output:
----------------------------------------------------------
<end of output>
Test time =   0.00 sec
----------------------------------------------------------
Test Passed.
"corners_4" end time: Mar 18 16:19 Romance Standard Time
"corners_4" time elapsed: 00:00:00
----------------------------------------------------------

Unable to find executable: corners_5
113/928 Testing: corners_5
113/928 Test: corners_5
Command: ""
Directory: C:/Users/andre/Documents/Unief/Master 2/Project/Repo/Build/Lib/eigen-3.4.0/test
"corners_5" start time: 
Output:
----------------------------------------------------------
<end of output>
Test time =   0.00 sec
----------------------------------------------------------
Test Passed.
"corners_5" end time: Mar 18 16:19 Romance Standard Time
"corners_5" time elapsed: 00:00:00
----------------------------------------------------------

Unable to find executable: symbolic_index_2
114/928 Testing: symbolic_index_2
114/928 Test: symbolic_index_2
Command: ""
Directory: C:/Users/andre/Documents/Unief/Master 2/Project/Repo/Build/Lib/eigen-3.4.0/test
"symbolic_index_2" start time: 
Output:
----------------------------------------------------------
<end of output>
Test time =   0.00 sec
----------------------------------------------------------
Test Passed.
"symbolic_index_2" end time: Mar 18 16:19 Romance Standard Time
"symbolic_index_2" time elapsed: 00:00:00
----------------------------------------------------------

Unable to find executable: symbolic_index_1
115/928 Testing: symbolic_index_1
115/928 Test: symbolic_index_1
Command: ""
Directory: C:/Users/andre/Documents/Unief/Master 2/Project/Repo/Build/Lib/eigen-3.4.0/test
"symbolic_index_1" start time: 
Output:
----------------------------------------------------------
<end of output>
Test time =   0.00 sec
----------------------------------------------------------
Test Passed.
"symbolic_index_1" end time: Mar 18 16:19 Romance Standard Time
"symbolic_index_1" time elapsed: 00:00:00
----------------------------------------------------------

Unable to find executable: indexed_view_2
116/928 Testing: indexed_view_2
116/928 Test: indexed_view_2
Command: ""
Directory: C:/Users/andre/Documents/Unief/Master 2/Project/Repo/Build/Lib/eigen-3.4.0/test
"indexed_view_2" start time: 
Output:
----------------------------------------------------------
<end of output>
Test time =   0.00 sec
----------------------------------------------------------
Test Passed.
"indexed_view_2" end time: Mar 18 16:19 Romance Standard Time
"indexed_view_2" time elapsed: 00:00:00
----------------------------------------------------------

Unable to find executable: indexed_view_3
117/928 Testing: indexed_view_3
117/928 Test: indexed_view_3
Command: ""
Directory: C:/Users/andre/Documents/Unief/Master 2/Project/Repo/Build/Lib/eigen-3.4.0/test
"indexed_view_3" start time: 
Output:
----------------------------------------------------------
<end of output>
Test time =   0.00 sec
----------------------------------------------------------
Test Passed.
"indexed_view_3" end time: Mar 18 16:19 Romance Standard Time
"indexed_view_3" time elapsed: 00:00:00
----------------------------------------------------------

Unable to find executable: indexed_view_1
118/928 Testing: indexed_view_1
118/928 Test: indexed_view_1
Command: ""
Directory: C:/Users/andre/Documents/Unief/Master 2/Project/Repo/Build/Lib/eigen-3.4.0/test
"indexed_view_1" start time: 
Output:
----------------------------------------------------------
<end of output>
Test time =   0.00 sec
----------------------------------------------------------
Test Passed.
"indexed_view_1" end time: Mar 18 16:19 Romance Standard Time
"indexed_view_1" time elapsed: 00:00:00
----------------------------------------------------------

Unable to find executable: reshape
119/928 Testing: reshape
119/928 Test: reshape
Command: ""
Directory: C:/Users/andre/Documents/Unief/Master 2/Project/Repo/Build/Lib/eigen-3.4.0/test
"reshape" start time: 
Output:
----------------------------------------------------------
<end of output>
Test time =   0.00 sec
----------------------------------------------------------
Test Passed.
"reshape" end time: Mar 18 16:19 Romance Standard Time
"reshape" time elapsed: 00:00:00
----------------------------------------------------------

Unable to find executable: swap_1
120/928 Testing: swap_1
120/928 Test: swap_1
Command: ""
Directory: C:/Users/andre/Documents/Unief/Master 2/Project/Repo/Build/Lib/eigen-3.4.0/test
"swap_1" start time: 
Output:
----------------------------------------------------------
<end of output>
Test time =   0.00 sec
----------------------------------------------------------
Test Passed.
"swap_1" end time: Mar 18 16:19 Romance Standard Time
"swap_1" time elapsed: 00:00:00
----------------------------------------------------------

Unable to find executable: swap_2
121/928 Testing: swap_2
121/928 Test: swap_2
Command: ""
Directory: C:/Users/andre/Documents/Unief/Master 2/Project/Repo/Build/Lib/eigen-3.4.0/test
"swap_2" start time: 
Output:
----------------------------------------------------------
<end of output>
Test time =   0.00 sec
----------------------------------------------------------
Test Passed.
"swap_2" end time: Mar 18 16:19 Romance Standard Time
"swap_2" time elapsed: 00:00:00
----------------------------------------------------------

Unable to find executable: swap_3
122/928 Testing: swap_3
122/928 Test: swap_3
Command: ""
Directory: C:/Users/andre/Documents/Unief/Master 2/Project/Repo/Build/Lib/eigen-3.4.0/test
"swap_3" start time: 
Output:
----------------------------------------------------------
<end of output>
Test time =   0.00 sec
----------------------------------------------------------
Test Passed.
"swap_3" end time: Mar 18 16:19 Romance Standard Time
"swap_3" time elapsed: 00:00:00
----------------------------------------------------------

Unable to find executable: swap_4
123/928 Testing: swap_4
123/928 Test: swap_4
Command: ""
Directory: C:/Users/andre/Documents/Unief/Master 2/Project/Repo/Build/Lib/eigen-3.4.0/test
"swap_4" start time: 
Output:
----------------------------------------------------------
<end of output>
Test time =   0.00 sec
----------------------------------------------------------
Test Passed.
"swap_4" end time: Mar 18 16:19 Romance Standard Time
"swap_4" time elapsed: 00:00:00
----------------------------------------------------------

Unable to find executable: resize
124/928 Testing: resize
124/928 Test: resize
Command: ""
Directory: C:/Users/andre/Documents/Unief/Master 2/Project/Repo/Build/Lib/eigen-3.4.0/test
"resize" start time: 
Output:
----------------------------------------------------------
<end of output>
Test time =   0.00 sec
----------------------------------------------------------
Test Passed.
"resize" end time: Mar 18 16:19 Romance Standard Time
"resize" time elapsed: 00:00:00
----------------------------------------------------------

Unable to find executable: conservative_resize_1
125/928 Testing: conservative_resize_1
125/928 Test: conservative_resize_1
Command: ""
Directory: C:/Users/andre/Documents/Unief/Master 2/Project/Repo/Build/Lib/eigen-3.4.0/test
"conservative_resize_1" start time: 
Output:
----------------------------------------------------------
<end of output>
Test time =   0.00 sec
----------------------------------------------------------
Test Passed.
"conservative_resize_1" end time: Mar 18 16:19 Romance Standard Time
"conservative_resize_1" time elapsed: 00:00:00
----------------------------------------------------------

Unable to find executable: conservative_resize_2
126/928 Testing: conservative_resize_2
126/928 Test: conservative_resize_2
Command: ""
Directory: C:/Users/andre/Documents/Unief/Master 2/Project/Repo/Build/Lib/eigen-3.4.0/test
"conservative_resize_2" start time: 
Output:
----------------------------------------------------------
<end of output>
Test time =   0.00 sec
----------------------------------------------------------
Test Passed.
"conservative_resize_2" end time: Mar 18 16:19 Romance Standard Time
"conservative_resize_2" time elapsed: 00:00:00
----------------------------------------------------------

Unable to find executable: conservative_resize_3
127/928 Testing: conservative_resize_3
127/928 Test: conservative_resize_3
Command: ""
Directory: C:/Users/andre/Documents/Unief/Master 2/Project/Repo/Build/Lib/eigen-3.4.0/test
"conservative_resize_3" start time: 
Output:
----------------------------------------------------------
<end of output>
Test time =   0.00 sec
----------------------------------------------------------
Test Passed.
"conservative_resize_3" end time: Mar 18 16:19 Romance Standard Time
"conservative_resize_3" time elapsed: 00:00:00
----------------------------------------------------------

Unable to find executable: conservative_resize_4
128/928 Testing: conservative_resize_4
128/928 Test: conservative_resize_4
Command: ""
Directory: C:/Users/andre/Documents/Unief/Master 2/Project/Repo/Build/Lib/eigen-3.4.0/test
"conservative_resize_4" start time: 
Output:
----------------------------------------------------------
<end of output>
Test time =   0.00 sec
----------------------------------------------------------
Test Passed.
"conservative_resize_4" end time: Mar 18 16:19 Romance Standard Time
"conservative_resize_4" time elapsed: 00:00:00
----------------------------------------------------------

Unable to find executable: conservative_resize_5
129/928 Testing: conservative_resize_5
129/928 Test: conservative_resize_5
Command: ""
Directory: C:/Users/andre/Documents/Unief/Master 2/Project/Repo/Build/Lib/eigen-3.4.0/test
"conservative_resize_5" start time: 
Output:
----------------------------------------------------------
<end of output>
Test time =   0.00 sec
----------------------------------------------------------
Test Passed.
"conservative_resize_5" end time: Mar 18 16:19 Romance Standard Time
"conservative_resize_5" time elapsed: 00:00:00
----------------------------------------------------------

Unable to find executable: conservative_resize_6
130/928 Testing: conservative_resize_6
130/928 Test: conservative_resize_6
Command: ""
Directory: C:/Users/andre/Documents/Unief/Master 2/Project/Repo/Build/Lib/eigen-3.4.0/test
"conservative_resize_6" start time: 
Output:
----------------------------------------------------------
<end of output>
Test time =   0.00 sec
----------------------------------------------------------
Test Passed.
"conservative_resize_6" end time: Mar 18 16:19 Romance Standard Time
"conservative_resize_6" time elapsed: 00:00:00
----------------------------------------------------------

Unable to find executable: product_small_1
131/928 Testing: product_small_1
131/928 Test: product_small_1
Command: ""
Directory: C:/Users/andre/Documents/Unief/Master 2/Project/Repo/Build/Lib/eigen-3.4.0/test
"product_small_1" start time: 
Output:
----------------------------------------------------------
<end of output>
Test time =   0.00 sec
----------------------------------------------------------
Test Passed.
"product_small_1" end time: Mar 18 16:19 Romance Standard Time
"product_small_1" time elapsed: 00:00:00
----------------------------------------------------------

Unable to find executable: product_small_2
132/928 Testing: product_small_2
132/928 Test: product_small_2
Command: ""
Directory: C:/Users/andre/Documents/Unief/Master 2/Project/Repo/Build/Lib/eigen-3.4.0/test
"product_small_2" start time: 
Output:
----------------------------------------------------------
<end of output>
Test time =   0.00 sec
----------------------------------------------------------
Test Passed.
"product_small_2" end time: Mar 18 16:19 Romance Standard Time
"product_small_2" time elapsed: 00:00:00
----------------------------------------------------------

Unable to find executable: product_small_8
133/928 Testing: product_small_8
133/928 Test: product_small_8
Command: ""
Directory: C:/Users/andre/Documents/Unief/Master 2/Project/Repo/Build/Lib/eigen-3.4.0/test
"product_small_8" start time: 
Output:
----------------------------------------------------------
<end of output>
Test time =   0.00 sec
----------------------------------------------------------
Test Passed.
"product_small_8" end time: Mar 18 16:19 Romance Standard Time
"product_small_8" time elapsed: 00:00:00
----------------------------------------------------------

Unable to find executable: product_small_3
134/928 Testing: product_small_3
134/928 Test: product_small_3
Command: ""
Directory: C:/Users/andre/Documents/Unief/Master 2/Project/Repo/Build/Lib/eigen-3.4.0/test
"product_small_3" start time: 
Output:
----------------------------------------------------------
<end of output>
Test time =   0.00 sec
----------------------------------------------------------
Test Passed.
"product_small_3" end time: Mar 18 16:19 Romance Standard Time
"product_small_3" time elapsed: 00:00:00
----------------------------------------------------------

Unable to find executable: product_small_4
135/928 Testing: product_small_4
135/928 Test: product_small_4
Command: ""
Directory: C:/Users/andre/Documents/Unief/Master 2/Project/Repo/Build/Lib/eigen-3.4.0/test
"product_small_4" start time: 
Output:
----------------------------------------------------------
<end of output>
Test time =   0.00 sec
----------------------------------------------------------
Test Passed.
"product_small_4" end time: Mar 18 16:19 Romance Standard Time
"product_small_4" time elapsed: 00:00:00
----------------------------------------------------------

Unable to find executable: product_small_5
136/928 Testing: product_small_5
136/928 Test: product_small_5
Command: ""
Directory: C:/Users/andre/Documents/Unief/Master 2/Project/Repo/Build/Lib/eigen-3.4.0/test
"product_small_5" start time: 
Output:
----------------------------------------------------------
<end of output>
Test time =   0.00 sec
----------------------------------------------------------
Test Passed.
"product_small_5" end time: Mar 18 16:19 Romance Standard Time
"product_small_5" time elapsed: 00:00:00
----------------------------------------------------------

Unable to find executable: product_small_6
137/928 Testing: product_small_6
137/928 Test: product_small_6
Command: ""
Directory: C:/Users/andre/Documents/Unief/Master 2/Project/Repo/Build/Lib/eigen-3.4.0/test
"product_small_6" start time: 
Output:
----------------------------------------------------------
<end of output>
Test time =   0.00 sec
----------------------------------------------------------
Test Passed.
"product_small_6" end time: Mar 18 16:19 Romance Standard Time
"product_small_6" time elapsed: 00:00:00
----------------------------------------------------------

Unable to find executable: product_small_11
138/928 Testing: product_small_11
138/928 Test: product_small_11
Command: ""
Directory: C:/Users/andre/Documents/Unief/Master 2/Project/Repo/Build/Lib/eigen-3.4.0/test
"product_small_11" start time: 
Output:
----------------------------------------------------------
<end of output>
Test time =   0.00 sec
----------------------------------------------------------
Test Passed.
"product_small_11" end time: Mar 18 16:19 Romance Standard Time
"product_small_11" time elapsed: 00:00:00
----------------------------------------------------------

Unable to find executable: product_small_12
139/928 Testing: product_small_12
139/928 Test: product_small_12
Command: ""
Directory: C:/Users/andre/Documents/Unief/Master 2/Project/Repo/Build/Lib/eigen-3.4.0/test
"product_small_12" start time: 
Output:
----------------------------------------------------------
<end of output>
Test time =   0.00 sec
----------------------------------------------------------
Test Passed.
"product_small_12" end time: Mar 18 16:19 Romance Standard Time
"product_small_12" time elapsed: 00:00:00
----------------------------------------------------------

Unable to find executable: product_small_13
140/928 Testing: product_small_13
140/928 Test: product_small_13
Command: ""
Directory: C:/Users/andre/Documents/Unief/Master 2/Project/Repo/Build/Lib/eigen-3.4.0/test
"product_small_13" start time: 
Output:
----------------------------------------------------------
<end of output>
Test time =   0.00 sec
----------------------------------------------------------
Test Passed.
"product_small_13" end time: Mar 18 16:19 Romance Standard Time
"product_small_13" time elapsed: 00:00:00
----------------------------------------------------------

Unable to find executable: product_small_21
141/928 Testing: product_small_21
141/928 Test: product_small_21
Command: ""
Directory: C:/Users/andre/Documents/Unief/Master 2/Project/Repo/Build/Lib/eigen-3.4.0/test
"product_small_21" start time: 
Output:
----------------------------------------------------------
<end of output>
Test time =   0.00 sec
----------------------------------------------------------
Test Passed.
"product_small_21" end time: Mar 18 16:19 Romance Standard Time
"product_small_21" time elapsed: 00:00:00
----------------------------------------------------------

Unable to find executable: product_small_22
142/928 Testing: product_small_22
142/928 Test: product_small_22
Command: ""
Directory: C:/Users/andre/Documents/Unief/Master 2/Project/Repo/Build/Lib/eigen-3.4.0/test
"product_small_22" start time: 
Output:
----------------------------------------------------------
<end of output>
Test time =   0.00 sec
----------------------------------------------------------
Test Passed.
"product_small_22" end time: Mar 18 16:19 Romance Standard Time
"product_small_22" time elapsed: 00:00:00
----------------------------------------------------------

Unable to find executable: product_small_23
143/928 Testing: product_small_23
143/928 Test: product_small_23
Command: ""
Directory: C:/Users/andre/Documents/Unief/Master 2/Project/Repo/Build/Lib/eigen-3.4.0/test
"product_small_23" start time: 
Output:
----------------------------------------------------------
<end of output>
Test time =   0.00 sec
----------------------------------------------------------
Test Passed.
"product_small_23" end time: Mar 18 16:19 Romance Standard Time
"product_small_23" time elapsed: 00:00:00
----------------------------------------------------------

Unable to find executable: product_small_31
144/928 Testing: product_small_31
144/928 Test: product_small_31
Command: ""
[...]
Test Passed.
"polynomialsolver_9" end time: Mar 18 16:19 Romance Standard Time
"polynomialsolver_9" time elapsed: 00:00:00
----------------------------------------------------------

Unable to find executable: polynomialsolver_10
896/928 Testing: polynomialsolver_10
896/928 Test: polynomialsolver_10
Command: ""
Directory: C:/Users/andre/Documents/Unief/Master 2/Project/Repo/Build/Lib/eigen-3.4.0/unsupported/test
"polynomialsolver_10" start time: 
Output:
----------------------------------------------------------
<end of output>
Test time =   0.00 sec
----------------------------------------------------------
Test Passed.
"polynomialsolver_10" end time: Mar 18 16:19 Romance Standard Time
"polynomialsolver_10" time elapsed: 00:00:00
----------------------------------------------------------

Unable to find executable: polynomialsolver_11
897/928 Testing: polynomialsolver_11
897/928 Test: polynomialsolver_11
Command: ""
Directory: C:/Users/andre/Documents/Unief/Master 2/Project/Repo/Build/Lib/eigen-3.4.0/unsupported/test
"polynomialsolver_11" start time: 
Output:
----------------------------------------------------------
<end of output>
Test time =   0.00 sec
----------------------------------------------------------
Test Passed.
"polynomialsolver_11" end time: Mar 18 16:19 Romance Standard Time
"polynomialsolver_11" time elapsed: 00:00:00
----------------------------------------------------------

Unable to find executable: polynomialsolver_12
898/928 Testing: polynomialsolver_12
898/928 Test: polynomialsolver_12
Command: ""
Directory: C:/Users/andre/Documents/Unief/Master 2/Project/Repo/Build/Lib/eigen-3.4.0/unsupported/test
"polynomialsolver_12" start time: 
Output:
----------------------------------------------------------
<end of output>
Test time =   0.00 sec
----------------------------------------------------------
Test Passed.
"polynomialsolver_12" end time: Mar 18 16:19 Romance Standard Time
"polynomialsolver_12" time elapsed: 00:00:00
----------------------------------------------------------

Unable to find executable: polynomialutils_2
899/928 Testing: polynomialutils_2
899/928 Test: polynomialutils_2
Command: ""
Directory: C:/Users/andre/Documents/Unief/Master 2/Project/Repo/Build/Lib/eigen-3.4.0/unsupported/test
"polynomialutils_2" start time: 
Output:
----------------------------------------------------------
<end of output>
Test time =   0.00 sec
----------------------------------------------------------
Test Passed.
"polynomialutils_2" end time: Mar 18 16:19 Romance Standard Time
"polynomialutils_2" time elapsed: 00:00:00
----------------------------------------------------------

Unable to find executable: polynomialutils_3
900/928 Testing: polynomialutils_3
900/928 Test: polynomialutils_3
Command: ""
Directory: C:/Users/andre/Documents/Unief/Master 2/Project/Repo/Build/Lib/eigen-3.4.0/unsupported/test
"polynomialutils_3" start time: 
Output:
----------------------------------------------------------
<end of output>
Test time =   0.00 sec
----------------------------------------------------------
Test Passed.
"polynomialutils_3" end time: Mar 18 16:19 Romance Standard Time
"polynomialutils_3" time elapsed: 00:00:00
----------------------------------------------------------

Unable to find executable: polynomialutils_4
901/928 Testing: polynomialutils_4
901/928 Test: polynomialutils_4
Command: ""
Directory: C:/Users/andre/Documents/Unief/Master 2/Project/Repo/Build/Lib/eigen-3.4.0/unsupported/test
"polynomialutils_4" start time: 
Output:
----------------------------------------------------------
<end of output>
Test time =   0.00 sec
----------------------------------------------------------
Test Passed.
"polynomialutils_4" end time: Mar 18 16:19 Romance Standard Time
"polynomialutils_4" time elapsed: 00:00:00
----------------------------------------------------------

Unable to find executable: polynomialutils_5
902/928 Testing: polynomialutils_5
902/928 Test: polynomialutils_5
Command: ""
Directory: C:/Users/andre/Documents/Unief/Master 2/Project/Repo/Build/Lib/eigen-3.4.0/unsupported/test
"polynomialutils_5" start time: 
Output:
----------------------------------------------------------
<end of output>
Test time =   0.00 sec
----------------------------------------------------------
Test Passed.
"polynomialutils_5" end time: Mar 18 16:19 Romance Standard Time
"polynomialutils_5" time elapsed: 00:00:00
----------------------------------------------------------

Unable to find executable: polynomialutils_6
903/928 Testing: polynomialutils_6
903/928 Test: polynomialutils_6
Command: ""
Directory: C:/Users/andre/Documents/Unief/Master 2/Project/Repo/Build/Lib/eigen-3.4.0/unsupported/test
"polynomialutils_6" start time: 
Output:
----------------------------------------------------------
<end of output>
Test time =   0.00 sec
----------------------------------------------------------
Test Passed.
"polynomialutils_6" end time: Mar 18 16:19 Romance Standard Time
"polynomialutils_6" time elapsed: 00:00:00
----------------------------------------------------------

Unable to find executable: polynomialutils_7
904/928 Testing: polynomialutils_7
904/928 Test: polynomialutils_7
Command: ""
Directory: C:/Users/andre/Documents/Unief/Master 2/Project/Repo/Build/Lib/eigen-3.4.0/unsupported/test
"polynomialutils_7" start time: 
Output:
----------------------------------------------------------
<end of output>
Test time =   0.00 sec
----------------------------------------------------------
Test Passed.
"polynomialutils_7" end time: Mar 18 16:19 Romance Standard Time
"polynomialutils_7" time elapsed: 00:00:00
----------------------------------------------------------

Unable to find executable: polynomialutils_8
905/928 Testing: polynomialutils_8
905/928 Test: polynomialutils_8
Command: ""
Directory: C:/Users/andre/Documents/Unief/Master 2/Project/Repo/Build/Lib/eigen-3.4.0/unsupported/test
"polynomialutils_8" start time: 
Output:
----------------------------------------------------------
<end of output>
Test time =   0.00 sec
----------------------------------------------------------
Test Passed.
"polynomialutils_8" end time: Mar 18 16:19 Romance Standard Time
"polynomialutils_8" time elapsed: 00:00:00
----------------------------------------------------------

Unable to find executable: polynomialutils_9
906/928 Testing: polynomialutils_9
906/928 Test: polynomialutils_9
Command: ""
Directory: C:/Users/andre/Documents/Unief/Master 2/Project/Repo/Build/Lib/eigen-3.4.0/unsupported/test
"polynomialutils_9" start time: 
Output:
----------------------------------------------------------
<end of output>
Test time =   0.00 sec
----------------------------------------------------------
Test Passed.
"polynomialutils_9" end time: Mar 18 16:19 Romance Standard Time
"polynomialutils_9" time elapsed: 00:00:00
----------------------------------------------------------

Unable to find executable: splines
907/928 Testing: splines
907/928 Test: splines
Command: ""
Directory: C:/Users/andre/Documents/Unief/Master 2/Project/Repo/Build/Lib/eigen-3.4.0/unsupported/test
"splines" start time: 
Output:
----------------------------------------------------------
<end of output>
Test time =   0.00 sec
----------------------------------------------------------
Test Passed.
"splines" end time: Mar 18 16:19 Romance Standard Time
"splines" time elapsed: 00:00:00
----------------------------------------------------------

Unable to find executable: gmres_1
908/928 Testing: gmres_1
908/928 Test: gmres_1
Command: ""
Directory: C:/Users/andre/Documents/Unief/Master 2/Project/Repo/Build/Lib/eigen-3.4.0/unsupported/test
"gmres_1" start time: 
Output:
----------------------------------------------------------
<end of output>
Test time =   0.00 sec
----------------------------------------------------------
Test Passed.
"gmres_1" end time: Mar 18 16:19 Romance Standard Time
"gmres_1" time elapsed: 00:00:00
----------------------------------------------------------

Unable to find executable: gmres_2
909/928 Testing: gmres_2
909/928 Test: gmres_2
Command: ""
Directory: C:/Users/andre/Documents/Unief/Master 2/Project/Repo/Build/Lib/eigen-3.4.0/unsupported/test
"gmres_2" start time: 
Output:
----------------------------------------------------------
<end of output>
Test time =   0.00 sec
----------------------------------------------------------
Test Passed.
"gmres_2" end time: Mar 18 16:19 Romance Standard Time
"gmres_2" time elapsed: 00:00:00
----------------------------------------------------------

Unable to find executable: dgmres_1
910/928 Testing: dgmres_1
910/928 Test: dgmres_1
Command: ""
Directory: C:/Users/andre/Documents/Unief/Master 2/Project/Repo/Build/Lib/eigen-3.4.0/unsupported/test
"dgmres_1" start time: 
Output:
----------------------------------------------------------
<end of output>
Test time =   0.00 sec
----------------------------------------------------------
Test Passed.
"dgmres_1" end time: Mar 18 16:19 Romance Standard Time
"dgmres_1" time elapsed: 00:00:00
----------------------------------------------------------

Unable to find executable: dgmres_2
911/928 Testing: dgmres_2
911/928 Test: dgmres_2
Command: ""
Directory: C:/Users/andre/Documents/Unief/Master 2/Project/Repo/Build/Lib/eigen-3.4.0/unsupported/test
"dgmres_2" start time: 
Output:
----------------------------------------------------------
<end of output>
Test time =   0.00 sec
----------------------------------------------------------
Test Passed.
"dgmres_2" end time: Mar 18 16:19 Romance Standard Time
"dgmres_2" time elapsed: 00:00:00
----------------------------------------------------------

Unable to find executable: minres_1
912/928 Testing: minres_1
912/928 Test: minres_1
Command: ""
Directory: C:/Users/andre/Documents/Unief/Master 2/Project/Repo/Build/Lib/eigen-3.4.0/unsupported/test
"minres_1" start time: 
Output:
----------------------------------------------------------
<end of output>
Test time =   0.00 sec
----------------------------------------------------------
Test Passed.
"minres_1" end time: Mar 18 16:19 Romance Standard Time
"minres_1" time elapsed: 00:00:00
----------------------------------------------------------

Unable to find executable: minres_2
913/928 Testing: minres_2
913/928 Test: minres_2
Command: ""
Directory: C:/Users/andre/Documents/Unief/Master 2/Project/Repo/Build/Lib/eigen-3.4.0/unsupported/test
"minres_2" start time: 
Output:
----------------------------------------------------------
<end of output>
Test time =   0.00 sec
----------------------------------------------------------
Test Passed.
"minres_2" end time: Mar 18 16:19 Romance Standard Time
"minres_2" time elapsed: 00:00:00
----------------------------------------------------------

Unable to find executable: idrs_1
914/928 Testing: idrs_1
914/928 Test: idrs_1
Command: ""
Directory: C:/Users/andre/Documents/Unief/Master 2/Project/Repo/Build/Lib/eigen-3.4.0/unsupported/test
"idrs_1" start time: 
Output:
----------------------------------------------------------
<end of output>
Test time =   0.00 sec
----------------------------------------------------------
Test Passed.
"idrs_1" end time: Mar 18 16:19 Romance Standard Time
"idrs_1" time elapsed: 00:00:00
----------------------------------------------------------

Unable to find executable: idrs_2
915/928 Testing: idrs_2
915/928 Test: idrs_2
Command: ""
Directory: C:/Users/andre/Documents/Unief/Master 2/Project/Repo/Build/Lib/eigen-3.4.0/unsupported/test
"idrs_2" start time: 
Output:
----------------------------------------------------------
<end of output>
Test time =   0.00 sec
----------------------------------------------------------
Test Passed.
"idrs_2" end time: Mar 18 16:19 Romance Standard Time
"idrs_2" time elapsed: 00:00:00
----------------------------------------------------------

Unable to find executable: levenberg_marquardt
916/928 Testing: levenberg_marquardt
916/928 Test: levenberg_marquardt
Command: ""
Directory: C:/Users/andre/Documents/Unief/Master 2/Project/Repo/Build/Lib/eigen-3.4.0/unsupported/test
"levenberg_marquardt" start time: 
Output:
----------------------------------------------------------
<end of output>
Test time =   0.00 sec
----------------------------------------------------------
Test Passed.
"levenberg_marquardt" end time: Mar 18 16:19 Romance Standard Time
"levenberg_marquardt" time elapsed: 00:00:00
----------------------------------------------------------

Unable to find executable: kronecker_product_1
917/928 Testing: kronecker_product_1
917/928 Test: kronecker_product_1
Command: ""
Directory: C:/Users/andre/Documents/Unief/Master 2/Project/Repo/Build/Lib/eigen-3.4.0/unsupported/test
"kronecker_product_1" start time: 
Output:
----------------------------------------------------------
<end of output>
Test time =   0.00 sec
----------------------------------------------------------
Test Passed.
"kronecker_product_1" end time: Mar 18 16:19 Romance Standard Time
"kronecker_product_1" time elapsed: 00:00:00
----------------------------------------------------------

Unable to find executable: kronecker_product_2
918/928 Testing: kronecker_product_2
918/928 Test: kronecker_product_2
Command: ""
Directory: C:/Users/andre/Documents/Unief/Master 2/Project/Repo/Build/Lib/eigen-3.4.0/unsupported/test
"kronecker_product_2" start time: 
Output:
----------------------------------------------------------
<end of output>
Test time =   0.00 sec
----------------------------------------------------------
Test Passed.
"kronecker_product_2" end time: Mar 18 16:19 Romance Standard Time
"kronecker_product_2" time elapsed: 00:00:00
----------------------------------------------------------

Unable to find executable: bessel_functions_1
919/928 Testing: bessel_functions_1
919/928 Test: bessel_functions_1
Command: ""
Directory: C:/Users/andre/Documents/Unief/Master 2/Project/Repo/Build/Lib/eigen-3.4.0/unsupported/test
"bessel_functions_1" start time: 
Output:
----------------------------------------------------------
<end of output>
Test time =   0.00 sec
----------------------------------------------------------
Test Passed.
"bessel_functions_1" end time: Mar 18 16:19 Romance Standard Time
"bessel_functions_1" time elapsed: 00:00:00
----------------------------------------------------------

Unable to find executable: bessel_functions_2
920/928 Testing: bessel_functions_2
920/928 Test: bessel_functions_2
Command: ""
Directory: C:/Users/andre/Documents/Unief/Master 2/Project/Repo/Build/Lib/eigen-3.4.0/unsupported/test
"bessel_functions_2" start time: 
Output:
----------------------------------------------------------
<end of output>
Test time =   0.00 sec
----------------------------------------------------------
Test Passed.
"bessel_functions_2" end time: Mar 18 16:19 Romance Standard Time
"bessel_functions_2" time elapsed: 00:00:00
----------------------------------------------------------

Unable to find executable: special_functions_1
921/928 Testing: special_functions_1
921/928 Test: special_functions_1
Command: ""
Directory: C:/Users/andre/Documents/Unief/Master 2/Project/Repo/Build/Lib/eigen-3.4.0/unsupported/test
"special_functions_1" start time: 
Output:
----------------------------------------------------------
<end of output>
Test time =   0.00 sec
----------------------------------------------------------
Test Passed.
"special_functions_1" end time: Mar 18 16:19 Romance Standard Time
"special_functions_1" time elapsed: 00:00:00
----------------------------------------------------------

Unable to find executable: special_functions_2
922/928 Testing: special_functions_2
922/928 Test: special_functions_2
Command: ""
Directory: C:/Users/andre/Documents/Unief/Master 2/Project/Repo/Build/Lib/eigen-3.4.0/unsupported/test
"special_functions_2" start time: 
Output:
----------------------------------------------------------
<end of output>
Test time =   0.00 sec
----------------------------------------------------------
Test Passed.
"special_functions_2" end time: Mar 18 16:19 Romance Standard Time
"special_functions_2" time elapsed: 00:00:00
----------------------------------------------------------

Unable to find executable: special_functions_3
923/928 Testing: special_functions_3
923/928 Test: special_functions_3
Command: ""
Directory: C:/Users/andre/Documents/Unief/Master 2/Project/Repo/Build/Lib/eigen-3.4.0/unsupported/test
"special_functions_3" start time: 
Output:
----------------------------------------------------------
<end of output>
Test time =   0.00 sec
----------------------------------------------------------
Test Passed.
"special_functions_3" end time: Mar 18 16:19 Romance Standard Time
"special_functions_3" time elapsed: 00:00:00
----------------------------------------------------------

Unable to find executable: special_functions_4
924/928 Testing: special_functions_4
924/928 Test: special_functions_4
Command: ""
Directory: C:/Users/andre/Documents/Unief/Master 2/Project/Repo/Build/Lib/eigen-3.4.0/unsupported/test
"special_functions_4" start time: 
Output:
----------------------------------------------------------
<end of output>
Test time =   0.00 sec
----------------------------------------------------------
Test Passed.
"special_functions_4" end time: Mar 18 16:19 Romance Standard Time
"special_functions_4" time elapsed: 00:00:00
----------------------------------------------------------

Unable to find executable: special_packetmath_1
925/928 Testing: special_packetmath_1
925/928 Test: special_packetmath_1
Command: ""
Directory: C:/Users/andre/Documents/Unief/Master 2/Project/Repo/Build/Lib/eigen-3.4.0/unsupported/test
"special_packetmath_1" start time: 
Output:
----------------------------------------------------------
<end of output>
Test time =   0.00 sec
----------------------------------------------------------
Test Passed.
"special_packetmath_1" end time: Mar 18 16:19 Romance Standard Time
"special_packetmath_1" time elapsed: 00:00:00
----------------------------------------------------------

Unable to find executable: special_packetmath_2
926/928 Testing: special_packetmath_2
926/928 Test: special_packetmath_2
Command: ""
Directory: C:/Users/andre/Documents/Unief/Master 2/Project/Repo/Build/Lib/eigen-3.4.0/unsupported/test
"special_packetmath_2" start time: 
Output:
----------------------------------------------------------
<end of output>
Test time =   0.00 sec
----------------------------------------------------------
Test Passed.
"special_packetmath_2" end time: Mar 18 16:19 Romance Standard Time
"special_packetmath_2" time elapsed: 00:00:00
----------------------------------------------------------

Unable to find executable: special_packetmath_3
927/928 Testing: special_packetmath_3
927/928 Test: special_packetmath_3
Command: ""
Directory: C:/Users/andre/Documents/Unief/Master 2/Project/Repo/Build/Lib/eigen-3.4.0/unsupported/test
"special_packetmath_3" start time: 
Output:
----------------------------------------------------------
<end of output>
Test time =   0.00 sec
----------------------------------------------------------
Test Passed.
"special_packetmath_3" end time: Mar 18 16:19 Romance Standard Time
"special_packetmath_3" time elapsed: 00:00:00
----------------------------------------------------------

Unable to find executable: special_packetmath_4
928/928 Testing: special_packetmath_4
928/928 Test: special_packetmath_4
Command: ""
Directory: C:/Users/andre/Documents/Unief/Master 2/Project/Repo/Build/Lib/eigen-3.4.0/unsupported/test
"special_packetmath_4" start time: 
Output:
----------------------------------------------------------
<end of output>
Test time =   0.00 sec
----------------------------------------------------------
Test Passed.
"special_packetmath_4" end time: Mar 18 16:19 Romance Standard Time
"special_packetmath_4" time elapsed: 00:00:00
----------------------------------------------------------

End testing: Mar 18 16:19 Romance Standard Time

Official =   0.00 sec*proc

Unsupported =   0.00 sec*proc

smoketest =   0.00 sec*proc

